[2023-03-24T04:12:08.264+0000] {taskinstance.py:1084} INFO - Dependencies all met for dep_context=non-requeueable deps ti=<TaskInstance: tutorial_taskflow_api_virtualenv.load manual__2023-03-24T04:11:54.999493+00:00 [queued]>
[2023-03-24T04:12:08.282+0000] {taskinstance.py:1084} INFO - Dependencies all met for dep_context=requeueable deps ti=<TaskInstance: tutorial_taskflow_api_virtualenv.load manual__2023-03-24T04:11:54.999493+00:00 [queued]>
[2023-03-24T04:12:08.282+0000] {taskinstance.py:1282} INFO - 
--------------------------------------------------------------------------------
[2023-03-24T04:12:08.283+0000] {taskinstance.py:1283} INFO - Starting attempt 1 of 1
[2023-03-24T04:12:08.283+0000] {taskinstance.py:1284} INFO - 
--------------------------------------------------------------------------------
[2023-03-24T04:12:08.302+0000] {taskinstance.py:1303} INFO - Executing <Task(_PythonDecoratedOperator): load> on 2023-03-24 04:11:54.999493+00:00
[2023-03-24T04:12:08.310+0000] {standard_task_runner.py:55} INFO - Started process 1800 to run task
[2023-03-24T04:12:08.316+0000] {standard_task_runner.py:82} INFO - Running: ['***', 'tasks', 'run', 'tutorial_taskflow_api_virtualenv', 'load', 'manual__2023-03-24T04:11:54.999493+00:00', '--job-id', '5', '--raw', '--subdir', '/home/***/.local/lib/python3.7/site-packages/***/example_dags/tutorial_taskflow_api_virtualenv.py', '--cfg-path', '/tmp/tmp3ep4912h']
[2023-03-24T04:12:08.317+0000] {standard_task_runner.py:83} INFO - Job 5: Subtask load
[2023-03-24T04:12:08.413+0000] {task_command.py:388} INFO - Running <TaskInstance: tutorial_taskflow_api_virtualenv.load manual__2023-03-24T04:11:54.999493+00:00 [running]> on host 1c2e34c7a9c6
[2023-03-24T04:12:08.538+0000] {taskinstance.py:1511} INFO - Exporting the following env vars:
AIRFLOW_CTX_DAG_OWNER=***
AIRFLOW_CTX_DAG_ID=tutorial_taskflow_api_virtualenv
AIRFLOW_CTX_TASK_ID=load
AIRFLOW_CTX_EXECUTION_DATE=2023-03-24T04:11:54.999493+00:00
AIRFLOW_CTX_TRY_NUMBER=1
AIRFLOW_CTX_DAG_RUN_ID=manual__2023-03-24T04:11:54.999493+00:00
[2023-03-24T04:12:08.540+0000] {logging_mixin.py:137} INFO - Total order value is: 1236.70
[2023-03-24T04:12:08.541+0000] {python.py:177} INFO - Done. Returned value was: None
[2023-03-24T04:12:08.558+0000] {taskinstance.py:1326} INFO - Marking task as SUCCESS. dag_id=tutorial_taskflow_api_virtualenv, task_id=load, execution_date=20230324T041154, start_date=20230324T041208, end_date=20230324T041208
[2023-03-24T04:12:08.609+0000] {local_task_job.py:212} INFO - Task exited with return code 0
[2023-03-24T04:12:08.636+0000] {taskinstance.py:2585} INFO - 0 downstream tasks scheduled from follow-on schedule check
