[2023-03-24T04:12:00.608+0000] {taskinstance.py:1084} INFO - Dependencies all met for dep_context=non-requeueable deps ti=<TaskInstance: tutorial_taskflow_api_virtualenv.extract manual__2023-03-24T04:11:54.999493+00:00 [queued]>
[2023-03-24T04:12:00.618+0000] {taskinstance.py:1084} INFO - Dependencies all met for dep_context=requeueable deps ti=<TaskInstance: tutorial_taskflow_api_virtualenv.extract manual__2023-03-24T04:11:54.999493+00:00 [queued]>
[2023-03-24T04:12:00.619+0000] {taskinstance.py:1282} INFO - 
--------------------------------------------------------------------------------
[2023-03-24T04:12:00.619+0000] {taskinstance.py:1283} INFO - Starting attempt 1 of 1
[2023-03-24T04:12:00.619+0000] {taskinstance.py:1284} INFO - 
--------------------------------------------------------------------------------
[2023-03-24T04:12:00.638+0000] {taskinstance.py:1303} INFO - Executing <Task(_PythonVirtualenvDecoratedOperator): extract> on 2023-03-24 04:11:54.999493+00:00
[2023-03-24T04:12:00.644+0000] {standard_task_runner.py:55} INFO - Started process 1692 to run task
[2023-03-24T04:12:00.648+0000] {standard_task_runner.py:82} INFO - Running: ['***', 'tasks', 'run', 'tutorial_taskflow_api_virtualenv', 'extract', 'manual__2023-03-24T04:11:54.999493+00:00', '--job-id', '3', '--raw', '--subdir', '/home/***/.local/lib/python3.7/site-packages/***/example_dags/tutorial_taskflow_api_virtualenv.py', '--cfg-path', '/tmp/tmp_y7hpiyg']
[2023-03-24T04:12:00.648+0000] {standard_task_runner.py:83} INFO - Job 3: Subtask extract
[2023-03-24T04:12:00.729+0000] {task_command.py:388} INFO - Running <TaskInstance: tutorial_taskflow_api_virtualenv.extract manual__2023-03-24T04:11:54.999493+00:00 [running]> on host 1c2e34c7a9c6
[2023-03-24T04:12:00.806+0000] {taskinstance.py:1511} INFO - Exporting the following env vars:
AIRFLOW_CTX_DAG_OWNER=***
AIRFLOW_CTX_DAG_ID=tutorial_taskflow_api_virtualenv
AIRFLOW_CTX_TASK_ID=extract
AIRFLOW_CTX_EXECUTION_DATE=2023-03-24T04:11:54.999493+00:00
AIRFLOW_CTX_TRY_NUMBER=1
AIRFLOW_CTX_DAG_RUN_ID=manual__2023-03-24T04:11:54.999493+00:00
[2023-03-24T04:12:00.808+0000] {process_utils.py:179} INFO - Executing cmd: /usr/local/bin/python -m virtualenv /tmp/venvlcs71i0n
[2023-03-24T04:12:00.823+0000] {process_utils.py:183} INFO - Output:
[2023-03-24T04:12:02.099+0000] {process_utils.py:187} INFO - created virtual environment CPython3.7.16.final.0-64 in 555ms
[2023-03-24T04:12:02.100+0000] {process_utils.py:187} INFO -   creator CPython3Posix(dest=/tmp/venvlcs71i0n, clear=False, no_vcs_ignore=False, global=False)
[2023-03-24T04:12:02.101+0000] {process_utils.py:187} INFO -   seeder FromAppData(download=False, pip=bundle, setuptools=bundle, wheel=bundle, via=copy, app_data_dir=/home/***/.local/share/virtualenv)
[2023-03-24T04:12:02.101+0000] {process_utils.py:187} INFO -     added seed packages: pip==23.0.1, setuptools==67.4.0, wheel==0.38.4
[2023-03-24T04:12:02.101+0000] {process_utils.py:187} INFO -   activators BashActivator,CShellActivator,FishActivator,NushellActivator,PowerShellActivator,PythonActivator
[2023-03-24T04:12:02.205+0000] {process_utils.py:179} INFO - Executing cmd: /tmp/venvlcs71i0n/bin/pip install -r /tmp/venvlcs71i0n/requirements.txt
[2023-03-24T04:12:02.219+0000] {process_utils.py:183} INFO - Output:
[2023-03-24T04:12:04.375+0000] {process_utils.py:187} INFO - Collecting funcsigs
[2023-03-24T04:12:04.677+0000] {process_utils.py:187} INFO -   Downloading funcsigs-1.0.2-py2.py3-none-any.whl (17 kB)
[2023-03-24T04:12:04.766+0000] {process_utils.py:187} INFO - Collecting dill
[2023-03-24T04:12:04.816+0000] {process_utils.py:187} INFO -   Downloading dill-0.3.6-py3-none-any.whl (110 kB)
[2023-03-24T04:12:04.891+0000] {process_utils.py:187} INFO -      ━━━━━━━━━━━━━━━━━━━━━━━━━━━━━━━━━━━━━━━ 110.5/110.5 kB 1.5 MB/s eta 0:00:00
[2023-03-24T04:12:04.957+0000] {process_utils.py:187} INFO - Installing collected packages: funcsigs, dill
[2023-03-24T04:12:05.075+0000] {process_utils.py:187} INFO - Successfully installed dill-0.3.6 funcsigs-1.0.2
[2023-03-24T04:12:05.635+0000] {process_utils.py:179} INFO - Executing cmd: /tmp/venvlcs71i0n/bin/python /tmp/venvlcs71i0n/script.py /tmp/venvlcs71i0n/script.in /tmp/venvlcs71i0n/script.out /tmp/venvlcs71i0n/string_args.txt
[2023-03-24T04:12:05.650+0000] {process_utils.py:183} INFO - Output:
[2023-03-24T04:12:05.951+0000] {python.py:177} INFO - Done. Returned value was: {'1001': 301.27, '1002': 433.21, '1003': 502.22}
[2023-03-24T04:12:05.979+0000] {taskinstance.py:1326} INFO - Marking task as SUCCESS. dag_id=tutorial_taskflow_api_virtualenv, task_id=extract, execution_date=20230324T041154, start_date=20230324T041200, end_date=20230324T041205
[2023-03-24T04:12:06.020+0000] {local_task_job.py:212} INFO - Task exited with return code 0
[2023-03-24T04:12:06.059+0000] {taskinstance.py:2585} INFO - 1 downstream tasks scheduled from follow-on schedule check
