[2023-03-24T04:12:07.071+0000] {taskinstance.py:1084} INFO - Dependencies all met for dep_context=non-requeueable deps ti=<TaskInstance: tutorial_taskflow_api_virtualenv.transform manual__2023-03-24T04:11:54.999493+00:00 [queued]>
[2023-03-24T04:12:07.088+0000] {taskinstance.py:1084} INFO - Dependencies all met for dep_context=requeueable deps ti=<TaskInstance: tutorial_taskflow_api_virtualenv.transform manual__2023-03-24T04:11:54.999493+00:00 [queued]>
[2023-03-24T04:12:07.088+0000] {taskinstance.py:1282} INFO - 
--------------------------------------------------------------------------------
[2023-03-24T04:12:07.089+0000] {taskinstance.py:1283} INFO - Starting attempt 1 of 1
[2023-03-24T04:12:07.089+0000] {taskinstance.py:1284} INFO - 
--------------------------------------------------------------------------------
[2023-03-24T04:12:07.108+0000] {taskinstance.py:1303} INFO - Executing <Task(_PythonDecoratedOperator): transform> on 2023-03-24 04:11:54.999493+00:00
[2023-03-24T04:12:07.114+0000] {standard_task_runner.py:55} INFO - Started process 1752 to run task
[2023-03-24T04:12:07.118+0000] {standard_task_runner.py:82} INFO - Running: ['***', 'tasks', 'run', 'tutorial_taskflow_api_virtualenv', 'transform', 'manual__2023-03-24T04:11:54.999493+00:00', '--job-id', '4', '--raw', '--subdir', '/home/***/.local/lib/python3.7/site-packages/***/example_dags/tutorial_taskflow_api_virtualenv.py', '--cfg-path', '/tmp/tmptvw66wes']
[2023-03-24T04:12:07.119+0000] {standard_task_runner.py:83} INFO - Job 4: Subtask transform
[2023-03-24T04:12:07.232+0000] {task_command.py:388} INFO - Running <TaskInstance: tutorial_taskflow_api_virtualenv.transform manual__2023-03-24T04:11:54.999493+00:00 [running]> on host 1c2e34c7a9c6
[2023-03-24T04:12:07.355+0000] {taskinstance.py:1511} INFO - Exporting the following env vars:
AIRFLOW_CTX_DAG_OWNER=***
AIRFLOW_CTX_DAG_ID=tutorial_taskflow_api_virtualenv
AIRFLOW_CTX_TASK_ID=transform
AIRFLOW_CTX_EXECUTION_DATE=2023-03-24T04:11:54.999493+00:00
AIRFLOW_CTX_TRY_NUMBER=1
AIRFLOW_CTX_DAG_RUN_ID=manual__2023-03-24T04:11:54.999493+00:00
[2023-03-24T04:12:07.356+0000] {python.py:177} INFO - Done. Returned value was: {'total_order_value': 1236.7}
[2023-03-24T04:12:07.413+0000] {taskinstance.py:1326} INFO - Marking task as SUCCESS. dag_id=tutorial_taskflow_api_virtualenv, task_id=transform, execution_date=20230324T041154, start_date=20230324T041207, end_date=20230324T041207
[2023-03-24T04:12:07.451+0000] {local_task_job.py:212} INFO - Task exited with return code 0
[2023-03-24T04:12:07.488+0000] {taskinstance.py:2585} INFO - 1 downstream tasks scheduled from follow-on schedule check
